<?xml version="1.0" encoding="UTF-8"?>
<!-- Generated by org.testng.reporters.JUnitReportReporter -->
<testsuite hostname="DIN83000122" failures="0" tests="2" name="Package1.TestCase4" time="0.020" errors="0" timestamp="2021-06-22T15:37:47 IST" skipped="0">
  <testcase classname="Package1.TestCase4" name="tc2" time="0.013"/>
  <system-out/>
  <testcase classname="Package1.TestCase4" name="tc1" time="0.007"/>
  <system-out/>
</testsuite> <!-- Package1.TestCase4 -->
