<?xml version="1.0" encoding="UTF-8"?>
<!-- Generated by org.testng.reporters.JUnitReportReporter -->
<testsuite hostname="DIN83000122" failures="0" tests="1" name="Package1.TestCase5" time="2.050" errors="0" timestamp="2021-06-22T17:05:21 IST" skipped="0">
  <testcase classname="Package1.TestCase5" name="verifyHomePage" time="2.050"/>
  <system-out/>
</testsuite> <!-- Package1.TestCase5 -->
