<?xml version="1.0" encoding="UTF-8"?>
<!-- Generated by org.testng.reporters.JUnitReportReporter -->
<testsuite hostname="DIN83000122" failures="0" tests="1" name="Package1.Dataprov" time="3.380" errors="0" timestamp="2021-06-22T17:03:07 IST" skipped="0">
  <testcase classname="Package1.Dataprov" name="verifyHomePage" time="3.380"/>
  <system-out/>
</testsuite> <!-- Package1.Dataprov -->
