<?xml version="1.0" encoding="UTF-8"?>
<!-- Generated by org.testng.reporters.JUnitReportReporter -->
<testsuite hostname="DIN83000122" failures="0" tests="5" name="Package1.GroupTest" time="0.015" errors="0" timestamp="2021-06-22T14:56:42 IST" skipped="0">
  <testcase classname="Package1.GroupTest" name="testCase9" time="0.002"/>
  <system-out/>
  <testcase classname="Package1.GroupTest" name="testCase7" time="0.001"/>
  <system-out/>
  <testcase classname="Package1.GroupTest" name="testCase3" time="0.001"/>
  <system-out/>
  <testcase classname="Package1.GroupTest" name="testCase1" time="0.010"/>
  <system-out/>
  <testcase classname="Package1.GroupTest" name="testCase5" time="0.001"/>
  <system-out/>
</testsuite> <!-- Package1.GroupTest -->
