<?xml version="1.0" encoding="UTF-8"?>
<!-- Generated by org.testng.reporters.JUnitReportReporter -->
<testsuite hostname="DIN83000122" failures="0" tests="2" name="Package1.TestCase3" time="2.161" errors="0" timestamp="2021-06-22T14:06:37 IST" skipped="0">
  <testcase classname="Package1.TestCase3" name="verifyLoginpage" time="2.154"/>
  <system-out/>
  <testcase classname="Package1.TestCase3" name="verifyHomepage" time="0.007"/>
  <system-out/>
</testsuite> <!-- Package1.TestCase3 -->
