<?xml version="1.0" encoding="UTF-8"?>
<!-- Generated by org.testng.reporters.JUnitReportReporter -->
<testsuite hostname="DIN83000122" failures="0" tests="1" name="Package1.TestCase2" time="0.014" errors="0" timestamp="2021-06-22T12:41:54 IST" skipped="0">
  <testcase classname="Package1.TestCase2" name="verfiyLoginpage" time="0.014"/>
  <system-out/>
</testsuite> <!-- Package1.TestCase2 -->
