<?xml version="1.0" encoding="UTF-8"?>
<!-- Generated by org.testng.reporters.JUnitReportReporter -->
<testsuite hostname="DIN83000122" failures="0" tests="1" name="Package1.LoginPageTestCase" time="0.999" errors="0" timestamp="2021-06-23T11:55:00 IST" skipped="0">
  <testcase classname="Package1.LoginPageTestCase" name="getTitleTestCase" time="0.999"/>
  <system-out/>
</testsuite> <!-- Package1.LoginPageTestCase -->
