<?xml version="1.0" encoding="UTF-8"?>
<!-- Generated by org.testng.reporters.JUnitReportReporter -->
<testsuite hostname="DIN83000122" failures="0" tests="1" name="Package1.TestCase1" time="4.860" errors="0" timestamp="2021-06-22T12:38:18 IST" skipped="0">
  <testcase classname="Package1.TestCase1" name="verfiyLoginpage" time="4.860"/>
  <system-out/>
</testsuite> <!-- Package1.TestCase1 -->
